<?xml version="1.0" encoding="UTF-8"?>
<testng-results skipped="0" failed="0" total="1" passed="1">
  <reporter-output>
  </reporter-output>
  <suite name="Suite" duration-ms="2223" started-at="2019-11-12T21:15:54Z" finished-at="2019-11-12T21:15:57Z">
    <groups>
    </groups>
    <test name="Test" duration-ms="2223" started-at="2019-11-12T21:15:54Z" finished-at="2019-11-12T21:15:57Z">
      <class name="testcase.SeleniumTest">
        <test-method status="PASS" signature="initializeTestBaseSetup(java.lang.String, java.lang.String, java.lang.String)[pri:0, instance:testcase.SeleniumTest@18be83e4]" name="initializeTestBaseSetup" is-config="true" duration-ms="13268" started-at="2019-11-13T02:45:41Z" finished-at="2019-11-13T02:45:54Z">
          <params>
            <param index="0">
              <value>
                <![CDATA[Chorme]]>
              </value>
            </param>
            <param index="1">
              <value>
                <![CDATA[https://www.google.com]]>
              </value>
            </param>
            <param index="2">
              <value>
                <![CDATA[Windows]]>
              </value>
            </param>
          </params>
          <reporter-output>
          </reporter-output>
        </test-method> <!-- initializeTestBaseSetup -->
        <test-method status="PASS" signature="firstTest()[pri:0, instance:testcase.SeleniumTest@18be83e4]" name="firstTest" duration-ms="2191" started-at="2019-11-13T02:45:54Z" finished-at="2019-11-13T02:45:57Z">
          <reporter-output>
          </reporter-output>
        </test-method> <!-- firstTest -->
      </class> <!-- testcase.SeleniumTest -->
    </test> <!-- Test -->
  </suite> <!-- Suite -->
</testng-results>
